<?xml version="1.0" encoding="UTF-8"?>
<testsuite name="pl.stqa.pft.sandbox.PointTests" tests="3" skipped="0" failures="0" errors="0" timestamp="2019-10-14T13:12:19" hostname="MIDR" time="0.015">
  <properties/>
  <testcase name="testDistanceNoNIntegerValues" classname="pl.stqa.pft.sandbox.PointTests" time="0.009"/>
  <testcase name="testDistancePositiveAndNegativeValues" classname="pl.stqa.pft.sandbox.PointTests" time="0.0"/>
  <testcase name="testDistancePositiveValues" classname="pl.stqa.pft.sandbox.PointTests" time="0.0"/>
  <system-out><![CDATA[]]></system-out>
  <system-err><![CDATA[]]></system-err>
</testsuite>
