<?xml version="1.0" encoding="UTF-8"?>
<testsuite name="pl.stqa.pft.sandbox.EquationTests" tests="3" skipped="0" failures="0" errors="0" timestamp="2019-10-20T16:50:48" hostname="MIDR" time="0.012">
  <properties/>
  <testcase name="test0" classname="pl.stqa.pft.sandbox.EquationTests" time="0.009"/>
  <testcase name="test1" classname="pl.stqa.pft.sandbox.EquationTests" time="0.0"/>
  <testcase name="test2" classname="pl.stqa.pft.sandbox.EquationTests" time="0.0"/>
  <system-out><![CDATA[]]></system-out>
  <system-err><![CDATA[]]></system-err>
</testsuite>
