<?xml version="1.0" encoding="UTF-8"?>
<testsuite name="pl.stqa.pft.sandbox.EquationTests" tests="6" skipped="0" failures="0" errors="0" timestamp="2019-10-21T14:51:33" hostname="MIDR" time="0.014">
  <properties/>
  <testcase name="test0" classname="pl.stqa.pft.sandbox.EquationTests" time="0.008"/>
  <testcase name="test1" classname="pl.stqa.pft.sandbox.EquationTests" time="0.0"/>
  <testcase name="test2" classname="pl.stqa.pft.sandbox.EquationTests" time="0.0"/>
  <testcase name="testConstant" classname="pl.stqa.pft.sandbox.EquationTests" time="0.001"/>
  <testcase name="testLinear" classname="pl.stqa.pft.sandbox.EquationTests" time="0.001"/>
  <testcase name="testZero" classname="pl.stqa.pft.sandbox.EquationTests" time="0.0"/>
  <system-out><![CDATA[]]></system-out>
  <system-err><![CDATA[]]></system-err>
</testsuite>
