<?xml version="1.0" encoding="UTF-8"?>
<testsuite name="pl.stqa.pft.addressbook.tests.ContactDetailsTests" tests="1" skipped="0" failures="0" errors="0" timestamp="2019-11-19T16:31:49" hostname="MIDR" time="0.821">
  <properties/>
  <testcase name="testContactDetails" classname="pl.stqa.pft.addressbook.tests.ContactDetailsTests" time="0.821"/>
  <system-out><![CDATA[]]></system-out>
  <system-err><![CDATA[]]></system-err>
</testsuite>
