<?xml version="1.0" encoding="UTF-8"?>
<testsuite name="pl.stqa.pft.addressbook.tests.ContactPhonesAddressEmailsTests" tests="1" skipped="0" failures="0" errors="0" timestamp="2019-11-19T17:13:33" hostname="MIDR" time="0.67">
  <properties/>
  <testcase name="testContactPhone" classname="pl.stqa.pft.addressbook.tests.ContactPhonesAddressEmailsTests" time="0.67"/>
  <system-out><![CDATA[]]></system-out>
  <system-err><![CDATA[]]></system-err>
</testsuite>
