<?xml version="1.0" encoding="UTF-8"?>
<testsuite name="pl.stqa.pft.addressbook.tests.GroupDeletionTests" tests="1" skipped="0" failures="0" errors="0" timestamp="2019-11-19T16:24:28" hostname="MIDR" time="0.589">
  <properties/>
  <testcase name="testGroupDeletion" classname="pl.stqa.pft.addressbook.tests.GroupDeletionTests" time="0.589"/>
  <system-out><![CDATA[]]></system-out>
  <system-err><![CDATA[]]></system-err>
</testsuite>
